18:02:26 INFO  : Registering command handlers for SDK TCF services
18:02:30 INFO  : Launching XSCT server: xsct -n -interactive /home/anan/git-home/Vivado_Basic/PSPL_Basic/PSPL_Basic.sdk/temp_xsdb_launch_script.tcl
18:02:32 INFO  : XSCT server has started successfully.
18:02:32 INFO  : Successfully done setting XSCT server connection channel  
18:02:33 INFO  : Successfully done setting SDK workspace  
18:02:33 INFO  : Processing command line option -hwspec /home/anan/git-home/Vivado_Basic/PSPL_Basic/PSPL_Basic.sdk/design_1_wrapper.hdf.
18:04:12 INFO  : Connected to target on host '127.0.0.1' and port '3121'.
18:04:12 INFO  : 'targets -set -filter {jtag_cable_name =~ "Digilent Zed 210248525866" && level==0} -index 1' command is executed.
18:04:14 INFO  : FPGA configured successfully with bitstream "/home/anan/git-home/Vivado_Basic/PSPL_Basic/PSPL_Basic.sdk/design_1_wrapper_hw_platform_0/design_1_wrapper.bit"
18:04:24 INFO  : 'targets -set -filter {jtag_cable_name =~ "Digilent Zed 210248525866" && level==0} -index 1' command is executed.
18:04:24 INFO  : 'fpga -state' command is executed.
18:04:24 INFO  : Connected to target on host '127.0.0.1' and port '3121'.
18:04:24 INFO  : Jtag cable 'Digilent Zed 210248525866' is selected.
18:04:24 INFO  : 'jtag frequency' command is executed.
18:04:24 INFO  : Sourcing of '/home/anan/git-home/Vivado_Basic/PSPL_Basic/PSPL_Basic.sdk/design_1_wrapper_hw_platform_0/ps7_init.tcl' is done.
18:04:24 INFO  : Context for 'APU' is selected.
18:04:24 INFO  : Hardware design information is loaded from '/home/anan/git-home/Vivado_Basic/PSPL_Basic/PSPL_Basic.sdk/design_1_wrapper_hw_platform_0/system.hdf'.
18:04:24 INFO  : 'configparams force-mem-access 1' command is executed.
18:04:24 INFO  : Context for 'APU' is selected.
18:04:25 INFO  : 'stop' command is executed.
18:04:25 INFO  : 'ps7_init' command is executed.
18:04:25 INFO  : 'ps7_post_config' command is executed.
18:04:25 INFO  : Context for processor 'ps7_cortexa9_0' is selected.
18:04:25 INFO  : Processor reset is completed for 'ps7_cortexa9_0'.
18:04:25 INFO  : Context for processor 'ps7_cortexa9_0' is selected.
18:04:25 INFO  : The application '/home/anan/git-home/Vivado_Basic/PSPL_Basic/PSPL_Basic.sdk/PSPL_Basic_SDK/Debug/PSPL_Basic_SDK.elf' is downloaded to processor 'ps7_cortexa9_0'.
18:04:25 INFO  : 'configparams force-mem-access 0' command is executed.
18:04:25 INFO  : ----------------XSDB Script----------------
connect -url tcp:127.0.0.1:3121
source /home/anan/git-home/Vivado_Basic/PSPL_Basic/PSPL_Basic.sdk/design_1_wrapper_hw_platform_0/ps7_init.tcl
targets -set -nocase -filter {name =~"APU*" && jtag_cable_name =~ "Digilent Zed 210248525866"} -index 0
loadhw -hw /home/anan/git-home/Vivado_Basic/PSPL_Basic/PSPL_Basic.sdk/design_1_wrapper_hw_platform_0/system.hdf -mem-ranges [list {0x40000000 0xbfffffff}]
configparams force-mem-access 1
targets -set -nocase -filter {name =~"APU*" && jtag_cable_name =~ "Digilent Zed 210248525866"} -index 0
stop
ps7_init
ps7_post_config
targets -set -nocase -filter {name =~ "ARM*#0" && jtag_cable_name =~ "Digilent Zed 210248525866"} -index 0
rst -processor
targets -set -nocase -filter {name =~ "ARM*#0" && jtag_cable_name =~ "Digilent Zed 210248525866"} -index 0
dow /home/anan/git-home/Vivado_Basic/PSPL_Basic/PSPL_Basic.sdk/PSPL_Basic_SDK/Debug/PSPL_Basic_SDK.elf
configparams force-mem-access 0
----------------End of Script----------------

18:04:25 INFO  : Memory regions updated for context APU
18:04:25 INFO  : Context for processor 'ps7_cortexa9_0' is selected.
18:04:25 INFO  : 'con' command is executed.
18:04:25 INFO  : ----------------XSDB Script (After Launch)----------------
targets -set -nocase -filter {name =~ "ARM*#0" && jtag_cable_name =~ "Digilent Zed 210248525866"} -index 0
con
----------------End of Script----------------

18:04:25 INFO  : Launch script is exported to file '/home/anan/git-home/Vivado_Basic/PSPL_Basic/PSPL_Basic.sdk/.sdk/launch_scripts/xilinx_c-c++_application_(system_debugger)/system_debugger_using_debug_pspl_basic_sdk.elf_on_local.tcl'
18:04:58 INFO  : Disconnected from the channel tcfchan#1.
