#-----------------------------------------------------------
# Webtalk v2017.3 (64-bit)
# SW Build 2018833 on Wed Oct  4 19:58:07 MDT 2017
# 
# Start of session at: Wed Apr 25 18:04:58 2018
# Process ID: 7364
# Current directory: /home/anan/git-home/Vivado_Basic/PSPL_Basic/PSPL_Basic.sdk/webtalk
# Command line: wbtcv -mode batch -source sdk_webtalk.tcl
# Log file: /home/anan/git-home/Vivado_Basic/PSPL_Basic/PSPL_Basic.sdk/webtalk/webtalk.log
# Journal file: /home/anan/git-home/Vivado_Basic/PSPL_Basic/PSPL_Basic.sdk/webtalk/webtalk.jou
#-----------------------------------------------------------
source sdk_webtalk.tcl
# webtalk_init -webtalk_dir /home/anan/git-home/Vivado_Basic/PSPL_Basic/PSPL_Basic.sdk/webtalk
# webtalk_register_client -client project
# webtalk_add_data -client project -key date_generated -value "2018-04-25 18:04:58" -context "software_version_and_target_device"
# webtalk_add_data -client project -key product_version -value "SDK v2017.3" -context "software_version_and_target_device"
# webtalk_add_data -client project -key build_version -value "2017.3" -context "software_version_and_target_device"
# webtalk_add_data -client project -key os_platform -value "amd64" -context "software_version_and_target_device"
# webtalk_add_data -client project -key registration_id -value "" -context "software_version_and_target_device"
# webtalk_add_data -client project -key tool_flow -value "SDK" -context "software_version_and_target_device"
# webtalk_add_data -client project -key beta -value "false" -context "software_version_and_target_device"
# webtalk_add_data -client project -key route_design -value "NA" -context "software_version_and_target_device"
# webtalk_add_data -client project -key target_family -value "NA" -context "software_version_and_target_device"
# webtalk_add_data -client project -key target_device -value "NA" -context "software_version_and_target_device"
# webtalk_add_data -client project -key target_package -value "NA" -context "software_version_and_target_device"
# webtalk_add_data -client project -key target_speed -value "NA" -context "software_version_and_target_device"
# webtalk_add_data -client project -key random_id -value "19gft4qq797rn4d6qndmkk01e4" -context "software_version_and_target_device"
# webtalk_add_data -client project -key project_id -value "2017.3_30" -context "software_version_and_target_device"
# webtalk_add_data -client project -key project_iteration -value "30" -context "software_version_and_target_device"
# webtalk_add_data -client project -key os_name -value "LinuxMint" -context "user_environment"
# webtalk_add_data -client project -key os_release -value "Linux Mint 18.1 Serena" -context "user_environment"
# webtalk_add_data -client project -key cpu_name -value "Intel(R) Core(TM) i5-4590 CPU @ 3.30GHz" -context "user_environment"
# webtalk_add_data -client project -key cpu_speed -value "3676.664 MHz" -context "user_environment"
# webtalk_add_data -client project -key total_processors -value "1" -context "user_environment"
# webtalk_add_data -client project -key system_ram -value "10.349 GB" -context "user_environment"
# webtalk_register_client -client sdk
# webtalk_add_data -client sdk -key uid -value "1524650555000" -context "sdk\\\\hardware/1524650555000"
# webtalk_add_data -client sdk -key isZynq -value "true" -context "sdk\\\\hardware/1524650555000"
# webtalk_add_data -client sdk -key isZynqMP -value "false" -context "sdk\\\\hardware/1524650555000"
# webtalk_add_data -client sdk -key Processors -value "2" -context "sdk\\\\hardware/1524650555000"
# webtalk_add_data -client sdk -key VivadoVersion -value "2017.3" -context "sdk\\\\hardware/1524650555000"
# webtalk_add_data -client sdk -key Arch -value "zynq" -context "sdk\\\\hardware/1524650555000"
# webtalk_add_data -client sdk -key Device -value "7z020" -context "sdk\\\\hardware/1524650555000"
# webtalk_add_data -client sdk -key IsHandoff -value "true" -context "sdk\\\\hardware/1524650555000"
# webtalk_add_data -client sdk -key os -value "NA" -context "sdk\\\\hardware/1524650555000"
# webtalk_add_data -client sdk -key apptemplate -value "NA" -context "sdk\\\\hardware/1524650555000"
# webtalk_add_data -client sdk -key RecordType -value "HWCreation" -context "sdk\\\\hardware/1524650555000"
# webtalk_add_data -client sdk -key uid -value "1524650610000" -context "sdk\\\\bsp/1524650610000"
# webtalk_add_data -client sdk -key hwid -value "1524650555000" -context "sdk\\\\bsp/1524650610000"
# webtalk_add_data -client sdk -key os -value "standalone" -context "sdk\\\\bsp/1524650610000"
# webtalk_add_data -client sdk -key apptemplate -value "empty_application" -context "sdk\\\\bsp/1524650610000"
# webtalk_add_data -client sdk -key RecordType -value "BSPCreation" -context "sdk\\\\bsp/1524650610000"
# webtalk_add_data -client sdk -key uid -value "1524650613000" -context "sdk\\\\application/1524650613000"
# webtalk_add_data -client sdk -key hwid -value "1524650555000" -context "sdk\\\\application/1524650613000"
# webtalk_add_data -client sdk -key bspid -value "1524650610000" -context "sdk\\\\application/1524650613000"
# webtalk_add_data -client sdk -key newbsp -value "true" -context "sdk\\\\application/1524650613000"
# webtalk_add_data -client sdk -key os -value "standalone" -context "sdk\\\\application/1524650613000"
# webtalk_add_data -client sdk -key apptemplate -value "empty_application" -context "sdk\\\\application/1524650613000"
# webtalk_add_data -client sdk -key RecordType -value "APPCreation" -context "sdk\\\\application/1524650613000"
# webtalk_add_data -client sdk -key LangUsed -value "C" -context "sdk\\\\application/1524650613000"
# webtalk_add_data -client sdk -key Procused -value "ps7_cortexa9" -context "sdk\\\\application/1524650613000"
# webtalk_add_data -client sdk -key projSize -value "234.51953125" -context "sdk\\\\application/1524650613000"
# webtalk_add_data -client sdk -key uid -value "NA" -context "sdk\\\\bsp/1524650698228"
# webtalk_add_data -client sdk -key RecordType -value "ToolUsage" -context "sdk\\\\bsp/1524650698228"
# webtalk_add_data -client sdk -key BootgenCount -value "0" -context "sdk\\\\bsp/1524650698228"
# webtalk_add_data -client sdk -key DebugCount -value "1" -context "sdk\\\\bsp/1524650698228"
# webtalk_add_data -client sdk -key PerfCount -value "0" -context "sdk\\\\bsp/1524650698228"
# webtalk_add_data -client sdk -key FlashCount -value "0" -context "sdk\\\\bsp/1524650698228"
# webtalk_add_data -client sdk -key CrossTriggCount -value "0" -context "sdk\\\\bsp/1524650698228"
# webtalk_add_data -client sdk -key QemuDebugCount -value "0" -context "sdk\\\\bsp/1524650698228"
# webtalk_transmit -clientid 2714198288 -regid "" -xml /home/anan/git-home/Vivado_Basic/PSPL_Basic/PSPL_Basic.sdk/webtalk/usage_statistics_ext_sdk.xml -html /home/anan/git-home/Vivado_Basic/PSPL_Basic/PSPL_Basic.sdk/webtalk/usage_statistics_ext_sdk.html -wdm /home/anan/git-home/Vivado_Basic/PSPL_Basic/PSPL_Basic.sdk/webtalk/sdk_webtalk.wdm -intro "<H3>SDK Usage Report</H3><BR>"
INFO: [Common 17-186] '/home/anan/git-home/Vivado_Basic/PSPL_Basic/PSPL_Basic.sdk/webtalk/usage_statistics_ext_sdk.xml' has been successfully sent to Xilinx on Wed Apr 25 18:05:02 2018. For additional details about this file, please refer to the WebTalk help file at /opt/Xilinx/SDK/2017.3/doc/webtalk_introduction.html.
# webtalk_terminate
INFO: [Common 17-206] Exiting Webtalk at Wed Apr 25 18:05:02 2018...
